W
~ $ npm test
[..................] \ : verb config Skipping project config: /app/.npmrc. (mat
[..................] - : verb config Skipping project config: /app/.npmrc. (mat

> wrtc-simple-data@0.0.2 test /app
> jest


 RUNS  test/index.test.js
 RUNS  test/index.test.ts

Test Suites: 0 of 2 total
Tests:       0 total
Snapshots:   0 total
Time:        5sError: listen EADDRINUSE :::24760
    at Object.exports._errnoException (util.js:1020:11)
    at exports._exceptionWithHostPort (util.js:1043:20)
    at Server._listen2 (net.js:1258:14)
    at listen (net.js:1294:10)
    at Server.listen (net.js:1390:5)
 RUNS  test/index.test.js
 RUNS  test/index.test.ts

Test Suites: 0 of 2 total

Time:
    9sError: listen EADDRINUSE :::24760
    at Object.exports._errnoException (util.js:1020:11)
    at exports._exceptionWithHostPort (util.js:1043:20)
    at Server._listen2 (net.js:1258:14)
    at listen (net.js:1294:10)
 FAIL  test/index.test.ts (10.157s))
  ● Console

    console.log src/service.ts:7
      listening on 24760
    console.log src/Connection.ts:186
         [DEBUG] debug enabled

  ● perform bidirectional communications

    Timeout - Async callback was not invoked within timeout specified by jasmine
.DEFAULT_TIMEOUT_INTERVAL.

      at pTimeout (node_modules/jest-jasmine2/build/queueRunner.js:53:21)
      at Timeout.callback [as _onTimeout] (node_modules/jsdom/lib/jsdom/browser/
Window.js:523:19)
      at ontimeout (timers.js:386:11)
      at tryOnTimeout (timers.js:250:5)
      at Timer.listOnTimeout (timers.js:214:5)

  ● responder receive event channel:read
